android/android/node_modules_build/capacitor-browser/intermediates/manifest_merge_blame_file/release/processReleaseManifest/manifest-merger-blame-release-report.txt
1<?xml version="1.0" encoding="utf-8"?>
2<manifest xmlns:android="http://schemas.android.com/apk/res/android"
3    package="com.capacitorjs.plugins.browser" >
4
5    <uses-sdk android:minSdkVersion="23" />
6
7    <queries>
7-->src/main/AndroidManifest.xml:9:5-13:15
8        <intent>
8-->src/main/AndroidManifest.xml:10:7-12:16
9            <action android:name="android.support.customtabs.action.CustomTabsService" />
9-->src/main/AndroidManifest.xml:11:9-86
9-->src/main/AndroidManifest.xml:11:17-83
10        </intent>
11    </queries>
12
13    <application>
13-->src/main/AndroidManifest.xml:3:5-8:19
14        <activity
14-->src/main/AndroidManifest.xml:4:7-7:44
15            android:name="com.capacitorjs.plugins.browser.BrowserControllerActivity"
15-->src/main/AndroidManifest.xml:4:17-58
16            android:exported="false"
16-->src/main/AndroidManifest.xml:5:9-33
17            android:launchMode="singleTask"
17-->src/main/AndroidManifest.xml:7:11-42
18            android:theme="@android:style/Theme.Translucent.NoTitleBar" />
18-->src/main/AndroidManifest.xml:6:11-70
19    </application>
20
21</manifest>